{"@timestamp":"2021-10-09T17:37:01.493-03:00","@version":"1","message":"Starting PokeBattlePokeDexApplication using Java 11.0.11 on Lucas with PID 32464 (/home/lucas/Documentos/Projetos/PokeBattle/pokedex/build/classes/java/main started by lucas in /home/lucas/Documentos/Projetos/PokeBattle/pokedex)","logger_name":"com.pokebattle.pokedex.PokeBattlePokeDexApplication","thread_name":"restartedMain","level":"INFO","level_value":20000}
{"@timestamp":"2021-10-09T17:37:01.501-03:00","@version":"1","message":"No active profile set, falling back to default profiles: default","logger_name":"com.pokebattle.pokedex.PokeBattlePokeDexApplication","thread_name":"restartedMain","level":"INFO","level_value":20000}
{"@timestamp":"2021-10-09T17:37:01.537-03:00","@version":"1","message":"Devtools property defaults active! Set 'spring.devtools.add-properties' to 'false' to disable","logger_name":"org.springframework.boot.devtools.env.DevToolsPropertyDefaultsPostProcessor","thread_name":"restartedMain","level":"INFO","level_value":20000}
{"@timestamp":"2021-10-09T17:37:01.537-03:00","@version":"1","message":"For additional web related logging consider setting the 'logging.level.web' property to 'DEBUG'","logger_name":"org.springframework.boot.devtools.env.DevToolsPropertyDefaultsPostProcessor","thread_name":"restartedMain","level":"INFO","level_value":20000}
{"@timestamp":"2021-10-09T17:37:02.295-03:00","@version":"1","message":"Bootstrapping Spring Data JPA repositories in DEFAULT mode.","logger_name":"org.springframework.data.repository.config.RepositoryConfigurationDelegate","thread_name":"restartedMain","level":"INFO","level_value":20000}
{"@timestamp":"2021-10-09T17:37:02.307-03:00","@version":"1","message":"Finished Spring Data repository scanning in 5 ms. Found 0 JPA repository interfaces.","logger_name":"org.springframework.data.repository.config.RepositoryConfigurationDelegate","thread_name":"restartedMain","level":"INFO","level_value":20000}
{"@timestamp":"2021-10-09T17:37:02.771-03:00","@version":"1","message":"Tomcat initialized with port(s): 8080 (http)","logger_name":"org.springframework.boot.web.embedded.tomcat.TomcatWebServer","thread_name":"restartedMain","level":"INFO","level_value":20000}
{"@timestamp":"2021-10-09T17:37:02.778-03:00","@version":"1","message":"Starting service [Tomcat]","logger_name":"org.apache.catalina.core.StandardService","thread_name":"restartedMain","level":"INFO","level_value":20000}
{"@timestamp":"2021-10-09T17:37:02.778-03:00","@version":"1","message":"Starting Servlet engine: [Apache Tomcat/9.0.48]","logger_name":"org.apache.catalina.core.StandardEngine","thread_name":"restartedMain","level":"INFO","level_value":20000}
{"@timestamp":"2021-10-09T17:37:02.833-03:00","@version":"1","message":"Initializing Spring embedded WebApplicationContext","logger_name":"org.apache.catalina.core.ContainerBase.[Tomcat].[localhost].[/]","thread_name":"restartedMain","level":"INFO","level_value":20000}
{"@timestamp":"2021-10-09T17:37:02.833-03:00","@version":"1","message":"Root WebApplicationContext: initialization completed in 1295 ms","logger_name":"org.springframework.boot.web.servlet.context.ServletWebServerApplicationContext","thread_name":"restartedMain","level":"INFO","level_value":20000}
{"@timestamp":"2021-10-09T17:37:02.936-03:00","@version":"1","message":"HikariPool-1 - Starting...","logger_name":"com.zaxxer.hikari.HikariDataSource","thread_name":"restartedMain","level":"INFO","level_value":20000}
{"@timestamp":"2021-10-09T17:37:03.175-03:00","@version":"1","message":"HikariPool-1 - Start completed.","logger_name":"com.zaxxer.hikari.HikariDataSource","thread_name":"restartedMain","level":"INFO","level_value":20000}
{"@timestamp":"2021-10-09T17:37:03.179-03:00","@version":"1","message":"H2 console available at '/h2-console'. Database available at 'jdbc:mysql://localhost:3306/pokedex'","logger_name":"org.springframework.boot.autoconfigure.h2.H2ConsoleAutoConfiguration","thread_name":"restartedMain","level":"INFO","level_value":20000}
{"@timestamp":"2021-10-09T17:37:03.297-03:00","@version":"1","message":"Flyway Community Edition 7.11.1 by Redgate","logger_name":"org.flywaydb.core.internal.license.VersionPrinter","thread_name":"restartedMain","level":"INFO","level_value":20000}
{"@timestamp":"2021-10-09T17:37:03.298-03:00","@version":"1","message":"Database: jdbc:mysql://localhost:3306/pokedex (MySQL 8.0)","logger_name":"org.flywaydb.core.internal.database.base.BaseDatabaseType","thread_name":"restartedMain","level":"INFO","level_value":20000}
{"@timestamp":"2021-10-09T17:37:03.349-03:00","@version":"1","message":"Successfully validated 4 migrations (execution time 00:00.031s)","logger_name":"org.flywaydb.core.internal.command.DbValidate","thread_name":"restartedMain","level":"INFO","level_value":20000}
{"@timestamp":"2021-10-09T17:37:03.359-03:00","@version":"1","message":"Current version of schema `pokedex`: 4","logger_name":"org.flywaydb.core.internal.command.DbMigrate","thread_name":"restartedMain","level":"INFO","level_value":20000}
{"@timestamp":"2021-10-09T17:37:03.360-03:00","@version":"1","message":"Schema `pokedex` is up to date. No migration necessary.","logger_name":"org.flywaydb.core.internal.command.DbMigrate","thread_name":"restartedMain","level":"INFO","level_value":20000}
{"@timestamp":"2021-10-09T17:37:03.430-03:00","@version":"1","message":"HHH000204: Processing PersistenceUnitInfo [name: default]","logger_name":"org.hibernate.jpa.internal.util.LogHelper","thread_name":"restartedMain","level":"INFO","level_value":20000}
{"@timestamp":"2021-10-09T17:37:03.458-03:00","@version":"1","message":"HHH000412: Hibernate ORM core version 5.4.32.Final","logger_name":"org.hibernate.Version","thread_name":"restartedMain","level":"INFO","level_value":20000}
{"@timestamp":"2021-10-09T17:37:03.534-03:00","@version":"1","message":"HCANN000001: Hibernate Commons Annotations {5.1.2.Final}","logger_name":"org.hibernate.annotations.common.Version","thread_name":"restartedMain","level":"INFO","level_value":20000}
{"@timestamp":"2021-10-09T17:37:03.592-03:00","@version":"1","message":"HHH000400: Using dialect: org.hibernate.dialect.MySQL5InnoDBDialect","logger_name":"org.hibernate.dialect.Dialect","thread_name":"restartedMain","level":"INFO","level_value":20000}
{"@timestamp":"2021-10-09T17:37:03.971-03:00","@version":"1","message":"HHH000490: Using JtaPlatform implementation: [org.hibernate.engine.transaction.jta.platform.internal.NoJtaPlatform]","logger_name":"org.hibernate.engine.transaction.jta.platform.internal.JtaPlatformInitiator","thread_name":"restartedMain","level":"INFO","level_value":20000}
{"@timestamp":"2021-10-09T17:37:03.977-03:00","@version":"1","message":"Initialized JPA EntityManagerFactory for persistence unit 'default'","logger_name":"org.springframework.orm.jpa.LocalContainerEntityManagerFactoryBean","thread_name":"restartedMain","level":"INFO","level_value":20000}
{"@timestamp":"2021-10-09T17:37:04.077-03:00","@version":"1","message":"spring.jpa.open-in-view is enabled by default. Therefore, database queries may be performed during view rendering. Explicitly configure spring.jpa.open-in-view to disable this warning","logger_name":"org.springframework.boot.autoconfigure.orm.jpa.JpaBaseConfiguration$JpaWebConfiguration","thread_name":"restartedMain","level":"WARN","level_value":30000}
{"@timestamp":"2021-10-09T17:37:04.185-03:00","@version":"1","message":"ControllerAdvice beans: 0 @ModelAttribute, 0 @InitBinder, 1 RequestBodyAdvice, 1 ResponseBodyAdvice","logger_name":"org.springframework.web.servlet.mvc.method.annotation.RequestMappingHandlerAdapter","thread_name":"restartedMain","level":"DEBUG","level_value":10000}
{"@timestamp":"2021-10-09T17:37:04.227-03:00","@version":"1","message":"4 mappings in 'requestMappingHandlerMapping'","logger_name":"org.springframework.web.servlet.mvc.method.annotation.RequestMappingHandlerMapping","thread_name":"restartedMain","level":"DEBUG","level_value":10000}
{"@timestamp":"2021-10-09T17:37:04.252-03:00","@version":"1","message":"Patterns [/webjars/**, /**] in 'resourceHandlerMapping'","logger_name":"org.springframework.web.servlet.handler.SimpleUrlHandlerMapping","thread_name":"restartedMain","level":"DEBUG","level_value":10000}
{"@timestamp":"2021-10-09T17:37:04.262-03:00","@version":"1","message":"ControllerAdvice beans: 1 @ExceptionHandler, 1 ResponseBodyAdvice","logger_name":"org.springframework.web.servlet.mvc.method.annotation.ExceptionHandlerExceptionResolver","thread_name":"restartedMain","level":"DEBUG","level_value":10000}
{"@timestamp":"2021-10-09T17:37:04.537-03:00","@version":"1","message":"LiveReload server is running on port 35729","logger_name":"org.springframework.boot.devtools.autoconfigure.OptionalLiveReloadServer","thread_name":"restartedMain","level":"INFO","level_value":20000}
{"@timestamp":"2021-10-09T17:37:04.542-03:00","@version":"1","message":"Exposing 15 endpoint(s) beneath base path '/actuator'","logger_name":"org.springframework.boot.actuate.endpoint.web.EndpointLinksResolver","thread_name":"restartedMain","level":"INFO","level_value":20000}
{"@timestamp":"2021-10-09T17:37:04.579-03:00","@version":"1","message":"Tomcat started on port(s): 8080 (http) with context path ''","logger_name":"org.springframework.boot.web.embedded.tomcat.TomcatWebServer","thread_name":"restartedMain","level":"INFO","level_value":20000}
{"@timestamp":"2021-10-09T17:37:04.594-03:00","@version":"1","message":"Started PokeBattlePokeDexApplication in 3.373 seconds (JVM running for 4.365)","logger_name":"com.pokebattle.pokedex.PokeBattlePokeDexApplication","thread_name":"restartedMain","level":"INFO","level_value":20000}
{"@timestamp":"2021-10-09T17:37:04.856-03:00","@version":"1","message":"Initializing Spring DispatcherServlet 'dispatcherServlet'","logger_name":"org.apache.catalina.core.ContainerBase.[Tomcat].[localhost].[/]","thread_name":"RMI TCP Connection(3)-127.0.0.1","level":"INFO","level_value":20000}
{"@timestamp":"2021-10-09T17:37:04.857-03:00","@version":"1","message":"Initializing Servlet 'dispatcherServlet'","logger_name":"org.springframework.web.servlet.DispatcherServlet","thread_name":"RMI TCP Connection(3)-127.0.0.1","level":"INFO","level_value":20000}
{"@timestamp":"2021-10-09T17:37:04.857-03:00","@version":"1","message":"Detected StandardServletMultipartResolver","logger_name":"org.springframework.web.servlet.DispatcherServlet","thread_name":"RMI TCP Connection(3)-127.0.0.1","level":"DEBUG","level_value":10000}
{"@timestamp":"2021-10-09T17:37:04.857-03:00","@version":"1","message":"Detected AcceptHeaderLocaleResolver","logger_name":"org.springframework.web.servlet.DispatcherServlet","thread_name":"RMI TCP Connection(3)-127.0.0.1","level":"DEBUG","level_value":10000}
{"@timestamp":"2021-10-09T17:37:04.858-03:00","@version":"1","message":"Detected FixedThemeResolver","logger_name":"org.springframework.web.servlet.DispatcherServlet","thread_name":"RMI TCP Connection(3)-127.0.0.1","level":"DEBUG","level_value":10000}
{"@timestamp":"2021-10-09T17:37:04.859-03:00","@version":"1","message":"Detected org.springframework.web.servlet.view.DefaultRequestToViewNameTranslator@65231d9b","logger_name":"org.springframework.web.servlet.DispatcherServlet","thread_name":"RMI TCP Connection(3)-127.0.0.1","level":"DEBUG","level_value":10000}
{"@timestamp":"2021-10-09T17:37:04.860-03:00","@version":"1","message":"Detected org.springframework.web.servlet.support.SessionFlashMapManager@570aca56","logger_name":"org.springframework.web.servlet.DispatcherServlet","thread_name":"RMI TCP Connection(3)-127.0.0.1","level":"DEBUG","level_value":10000}
{"@timestamp":"2021-10-09T17:37:04.860-03:00","@version":"1","message":"enableLoggingRequestDetails='false': request parameters and headers will be masked to prevent unsafe logging of potentially sensitive data","logger_name":"org.springframework.web.servlet.DispatcherServlet","thread_name":"RMI TCP Connection(3)-127.0.0.1","level":"DEBUG","level_value":10000}
{"@timestamp":"2021-10-09T17:37:04.861-03:00","@version":"1","message":"Completed initialization in 4 ms","logger_name":"org.springframework.web.servlet.DispatcherServlet","thread_name":"RMI TCP Connection(3)-127.0.0.1","level":"INFO","level_value":20000}
{"@timestamp":"2021-10-09T17:37:07.447-03:00","@version":"1","message":"GET \"/v1/pokedex/1\", parameters={}","logger_name":"org.springframework.web.servlet.DispatcherServlet","thread_name":"http-nio-8080-exec-2","level":"DEBUG","level_value":10000}
{"@timestamp":"2021-10-09T17:37:07.453-03:00","@version":"1","message":"Mapped to com.pokebattle.pokedex.api.PokeDexApi#getPokemon(Long)","logger_name":"org.springframework.web.servlet.mvc.method.annotation.RequestMappingHandlerMapping","thread_name":"http-nio-8080-exec-2","level":"DEBUG","level_value":10000}
{"@timestamp":"2021-10-09T17:37:07.525-03:00","@version":"1","message":"PokeDexService received [1] as arguments","logger_name":"com.pokebattle.pokedex.service.PokeDexService","thread_name":"http-nio-8080-exec-2","level":"INFO","level_value":20000}
{"@timestamp":"2021-10-09T17:37:07.629-03:00","@version":"1","message":"Using 'application/json', given [*/*] and supported [application/json, application/*+json, application/json, application/*+json]","logger_name":"org.springframework.web.servlet.mvc.method.annotation.RequestResponseBodyMethodProcessor","thread_name":"http-nio-8080-exec-2","level":"DEBUG","level_value":10000}
{"@timestamp":"2021-10-09T17:37:07.645-03:00","@version":"1","message":"Writing [PokemonDTO(id=1, name=Bulbasaur, healthPoints=45, attack=49, defense=49, specialAttack=65, specialDe (truncated)...]","logger_name":"org.springframework.web.servlet.mvc.method.annotation.RequestResponseBodyMethodProcessor","thread_name":"http-nio-8080-exec-2","level":"DEBUG","level_value":10000}
{"@timestamp":"2021-10-09T17:37:07.657-03:00","@version":"1","message":"Completed 200 OK","logger_name":"org.springframework.web.servlet.DispatcherServlet","thread_name":"http-nio-8080-exec-2","level":"DEBUG","level_value":10000}
{"@timestamp":"2021-10-09T19:26:33.279-03:00","@version":"1","message":"Closing JPA EntityManagerFactory for persistence unit 'default'","logger_name":"org.springframework.orm.jpa.LocalContainerEntityManagerFactoryBean","thread_name":"SpringApplicationShutdownHook","level":"INFO","level_value":20000}
{"@timestamp":"2021-10-09T19:26:33.282-03:00","@version":"1","message":"HikariPool-1 - Shutdown initiated...","logger_name":"com.zaxxer.hikari.HikariDataSource","thread_name":"SpringApplicationShutdownHook","level":"INFO","level_value":20000}
{"@timestamp":"2021-10-09T19:26:33.288-03:00","@version":"1","message":"HikariPool-1 - Shutdown completed.","logger_name":"com.zaxxer.hikari.HikariDataSource","thread_name":"SpringApplicationShutdownHook","level":"INFO","level_value":20000}
